<?xml version="1.0" encoding="UTF-8"?>
<!-- Generated by org.testng.reporters.JUnitReportReporter -->
<testsuite hostname="Garry07" failures="0" tests="1" name="com.naveenautomationlabs.AutomationFramework.AppTest" time="4.741" errors="0" timestamp="16 Jun. 2023 00:27:41 GMT" skipped="0">
  <testcase classname="com.naveenautomationlabs.AutomationFramework.AppTest" name="test1" time="4.741"/>
</testsuite> <!-- com.naveenautomationlabs.AutomationFramework.AppTest -->
